<?xml version="1.0" encoding="UTF-8"?>
<!-- Generated by org.testng.reporters.JUnitReportReporter -->
<testsuite hostname="AMOL_AKSHAYA" failures="0" tests="1" name="paylods.SumOfCoursesPrice" time="1.429" errors="0" timestamp="2024-10-11T00:24:48 IST" skipped="0">
  <testcase classname="paylods.SumOfCoursesPrice" name="coursePriceSum" time="1.429"/>
  <system-out/>
</testsuite> <!-- paylods.SumOfCoursesPrice -->
